2022-06-25 14:34:37 INFO  MainTesting:15 - MainTesting.main() starts
- - - - - - Homework 26 Testing - - - - - -
2022-06-25 14:34:37 DEBUG SalaryReportMaker:56 - Found file: workers-salary-01.csv
2022-06-25 14:34:37 DEBUG SalaryReportMaker:56 - Found file: workers-salary-02.csv
2022-06-25 14:34:37 DEBUG SalaryReportMaker:56 - Found file: workers-salary-03.csv
2022-06-25 14:34:37 DEBUG SalaryReportMaker:56 - Found file: workers_salary_report.xls
2022-06-25 14:34:37 INFO  SalaryReportMaker:35 - Reading workers salary data from file: G:\Java-G\Hillel\HW26\dmytro-lytvynov\hw26\.\src\main\resources\report\workers-salary-01.csv
2022-06-25 14:34:37 DEBUG SalaryReportMaker:67 - Input data: [1, Olivia, 12300.50]
2022-06-25 14:34:37 DEBUG SalaryReportMaker:67 - Input data: [2, Emma, 26000.00]
2022-06-25 14:34:37 DEBUG SalaryReportMaker:67 - Input data: [3, Noah, 15400.20]
2022-06-25 14:34:37 DEBUG SalaryReportMaker:67 - Input data: [4, Amelia, 9200.00]
2022-06-25 14:34:37 DEBUG SalaryReportMaker:67 - Input data: [5, Oliver, 14300.00]
2022-06-25 14:34:37 DEBUG SalaryReportMaker:67 - Input data: [6, Ava, 12650.23]
2022-06-25 14:34:37 DEBUG SalaryReportMaker:67 - Input data: [7, Levi, 8560.00]
2022-06-25 14:34:37 DEBUG SalaryReportMaker:67 - Input data: [8, Sophia, 14250.88]
2022-06-25 14:34:37 DEBUG SalaryReportMaker:67 - Input data: [9, Lucas, 19456.00]
2022-06-25 14:34:37 DEBUG SalaryReportMaker:67 - Input data: [10, Isabella, 15500.00]
2022-06-25 14:34:37 DEBUG SalaryReportMaker:67 - Input data: [11, Mason, 16700.50]
2022-06-25 14:34:37 DEBUG SalaryReportMaker:67 - Input data: [12, Mia, 23300.00]
2022-06-25 14:34:37 DEBUG SalaryReportMaker:67 - Input data: [13, Luna, 11200.00]
2022-06-25 14:34:37 DEBUG SalaryReportMaker:67 - Input data: [14, James, 10500.44]
2022-06-25 14:34:37 DEBUG SalaryReportMaker:67 - Input data: [15, Ethan, 17550.00]
2022-06-25 14:34:37 DEBUG SalaryReportMaker:67 - Input data: [16, Evelyn, 18440.20]
2022-06-25 14:34:37 DEBUG SalaryReportMaker:67 - Input data: [17, Leo, 15563.30]
2022-06-25 14:34:37 DEBUG SalaryReportMaker:67 - Input data: [18, Aria, 18700.00]
2022-06-25 14:34:37 DEBUG SalaryReportMaker:67 - Input data: [19, Jack, 19470.60]
2022-06-25 14:34:37 DEBUG SalaryReportMaker:67 - Input data: [20, Ella, 21880.50]
2022-06-25 14:34:37 DEBUG SalaryReportMaker:67 - Input data: [21, Mila, 9900.00]
2022-06-25 14:34:37 DEBUG SalaryReportMaker:67 - Input data: [22, Hazel, 12900.40]
2022-06-25 14:34:37 INFO  SalaryReportMaker:35 - Reading workers salary data from file: G:\Java-G\Hillel\HW26\dmytro-lytvynov\hw26\.\src\main\resources\report\workers-salary-02.csv
2022-06-25 14:34:37 DEBUG SalaryReportMaker:67 - Input data: [1, Olivia, 9000.00]
2022-06-25 14:34:37 DEBUG SalaryReportMaker:67 - Input data: [2, Emma, 9000.00]
2022-06-25 14:34:37 DEBUG SalaryReportMaker:67 - Input data: [3, Noah, 8000.00]
2022-06-25 14:34:37 DEBUG SalaryReportMaker:67 - Input data: [4, Amelia, 8000.00]
2022-06-25 14:34:37 DEBUG SalaryReportMaker:67 - Input data: [5, Oliver, 8000.00]
2022-06-25 14:34:37 DEBUG SalaryReportMaker:67 - Input data: [6, Ava, 12000.00]
2022-06-25 14:34:37 DEBUG SalaryReportMaker:67 - Input data: [7, Levi, 12000.00]
2022-06-25 14:34:37 DEBUG SalaryReportMaker:67 - Input data: [8, Sophia, 12000.00]
2022-06-25 14:34:37 DEBUG SalaryReportMaker:67 - Input data: [9, Lucas, 12000.00]
2022-06-25 14:34:37 DEBUG SalaryReportMaker:67 - Input data: [10, Isabella, 12000.00]
2022-06-25 14:34:37 DEBUG SalaryReportMaker:67 - Input data: [11, Mason, 12000.00]
2022-06-25 14:34:37 DEBUG SalaryReportMaker:67 - Input data: [12, Mia, 9500.00]
2022-06-25 14:34:37 DEBUG SalaryReportMaker:67 - Input data: [13, Luna, 9500.00]
2022-06-25 14:34:37 DEBUG SalaryReportMaker:67 - Input data: [14, James, 9500.00]
2022-06-25 14:34:37 DEBUG SalaryReportMaker:67 - Input data: [15, Ethan, 9500.00]
2022-06-25 14:34:37 DEBUG SalaryReportMaker:67 - Input data: [16, Evelyn, 9500.00]
2022-06-25 14:34:37 DEBUG SalaryReportMaker:67 - Input data: [17, Leo, 10000.00]
2022-06-25 14:34:37 DEBUG SalaryReportMaker:67 - Input data: [18, Aria, 10000.00]
2022-06-25 14:34:37 DEBUG SalaryReportMaker:67 - Input data: [19, Jack, 10000.00]
2022-06-25 14:34:37 DEBUG SalaryReportMaker:67 - Input data: [20, Ella, 10000.00]
2022-06-25 14:34:37 DEBUG SalaryReportMaker:67 - Input data: [21, Mila, 10000.00]
2022-06-25 14:34:37 DEBUG SalaryReportMaker:67 - Input data: [22, Hazel, 10000.00]
2022-06-25 14:34:37 INFO  SalaryReportMaker:35 - Reading workers salary data from file: G:\Java-G\Hillel\HW26\dmytro-lytvynov\hw26\.\src\main\resources\report\workers-salary-03.csv
2022-06-25 14:34:37 DEBUG SalaryReportMaker:67 - Input data: [1, Olivia, 11400.50]
2022-06-25 14:34:37 DEBUG SalaryReportMaker:67 - Input data: [2, Emma, 23000.00]
2022-06-25 14:34:37 DEBUG SalaryReportMaker:67 - Input data: [3, Noah, 16200.20]
2022-06-25 14:34:37 DEBUG SalaryReportMaker:67 - Input data: [4, Amelia, 10200.00]
2022-06-25 14:34:37 DEBUG SalaryReportMaker:67 - Input data: [5, Oliver, 15600.00]
2022-06-25 14:34:37 DEBUG SalaryReportMaker:67 - Input data: [6, Ava, 14350.23]
2022-06-25 14:34:37 DEBUG SalaryReportMaker:67 - Input data: [7, Levi, 8700.00]
2022-06-25 14:34:37 DEBUG SalaryReportMaker:67 - Input data: [8, Sophia, 14400.00]
2022-06-25 14:34:37 DEBUG SalaryReportMaker:67 - Input data: [9, Lucas, 12706.00]
2022-06-25 14:34:37 DEBUG SalaryReportMaker:67 - Input data: [10, Isabella, 18880.00]
2022-06-25 14:34:37 DEBUG SalaryReportMaker:67 - Input data: [11, Mason, 12500.50]
2022-06-25 14:34:37 DEBUG SalaryReportMaker:67 - Input data: [12, Mia, 26780.00]
2022-06-25 14:34:37 DEBUG SalaryReportMaker:67 - Input data: [13, Luna, 14000.00]
2022-06-25 14:34:37 DEBUG SalaryReportMaker:67 - Input data: [14, James, 12000.44]
2022-06-25 14:34:37 DEBUG SalaryReportMaker:67 - Input data: [15, Ethan, 18600.00]
2022-06-25 14:34:37 DEBUG SalaryReportMaker:67 - Input data: [16, Evelyn, 17040.20]
2022-06-25 14:34:37 DEBUG SalaryReportMaker:67 - Input data: [17, Leo, 13000.0]
2022-06-25 14:34:37 DEBUG SalaryReportMaker:67 - Input data: [18, Aria, 12500.00]
2022-06-25 14:34:37 DEBUG SalaryReportMaker:67 - Input data: [19, Jack, 17800.00]
2022-06-25 14:34:37 DEBUG SalaryReportMaker:67 - Input data: [20, Ella, 19450.50]
2022-06-25 14:34:37 DEBUG SalaryReportMaker:67 - Input data: [21, Mila, 10000.00]
2022-06-25 14:34:37 DEBUG SalaryReportMaker:67 - Input data: [22, Hazel, 15600.40]
2022-06-25 14:34:37 DEBUG SalaryReportMaker:111 - Sum of workers salaries: 
{Evelyn=44980.4, Mia=59580.0, James=32000.880000000005, Ethan=45650.0, Oliver=37900.0, Levi=29260.0, Lucas=44162.0, Hazel=38500.8, Noah=39600.4, Ava=39000.46, Olivia=32701.0, Amelia=27400.0, Mason=41201.0, Mila=29900.0, Aria=41200.0, Leo=38563.3, Luna=34700.0, Isabella=46380.0, Jack=47270.6, Emma=58000.0, Ella=51331.0, Sophia=40650.88}
2022-06-25 14:34:39 INFO  SalaryReportMaker:44 - Writing total workers salary data to file: .\src\main\resources\report\workers_salary_report.xls
