[2022-06-19 21:43:45] [SEVERE] -- animal.Animal run -- Method run() starts, Tread: ThreadPool-1 
[2022-06-19 21:43:45] [INFO] -- animal.Animal run -- Cat-1, ThreadPool-1 
[2022-06-19 21:43:45] [INFO] -- animal.Animal run -- Cat-1 has eaten 
[2022-06-19 21:43:46] [INFO] -- animal.Animal run -- Cat-1 has eaten 
[2022-06-19 21:43:46] [SEVERE] -- animal.Animal run -- Method run() starts, Tread: ThreadPool-3 
[2022-06-19 21:43:46] [INFO] -- animal.Animal run -- Dog-2, ThreadPool-3 
[2022-06-19 21:43:46] [INFO] -- animal.Animal run -- Dog-2 has eaten 
[2022-06-19 21:43:46] [INFO] -- animal.Animal run -- Dog-2 has eaten 
[2022-06-19 21:43:46] [INFO] -- animal.Animal run -- Cat-1 has RUN away 
[2022-06-19 21:43:46] [SEVERE] -- animal.Animal run -- Method run() finishes, Tread: ThreadPool-1 
[2022-06-19 21:43:47] [SEVERE] -- animal.Animal run -- Method run() starts, Tread: ThreadPool-5 
[2022-06-19 21:43:47] [INFO] -- animal.Animal run -- Racoon-3, ThreadPool-5 
[2022-06-19 21:43:47] [INFO] -- animal.Animal run -- Racoon-3 has RUN away 
[2022-06-19 21:43:47] [SEVERE] -- animal.Animal run -- Method run() finishes, Tread: ThreadPool-5 
[2022-06-19 21:43:47] [INFO] -- animal.Animal run -- Dog-2 has RUN away 
[2022-06-19 21:43:47] [SEVERE] -- animal.Animal run -- Method run() finishes, Tread: ThreadPool-3 
[2022-06-19 21:43:48] [SEVERE] -- animal.Animal run -- Method run() starts, Tread: ThreadPool-1 
[2022-06-19 21:43:48] [INFO] -- animal.Animal run -- Mouse-4, ThreadPool-1 
[2022-06-19 21:43:48] [INFO] -- animal.Animal run -- Mouse-4 has eaten 
[2022-06-19 21:43:48] [INFO] -- animal.Animal run -- Mouse-4 has eaten 
[2022-06-19 21:43:48] [INFO] -- animal.Animal run -- Mouse-4 has eaten 
[2022-06-19 21:43:48] [INFO] -- animal.Animal run -- Mouse-4 has eaten 
[2022-06-19 21:43:49] [INFO] -- animal.Animal run -- Mouse-4 has eaten 
[2022-06-19 21:43:49] [INFO] -- animal.Animal run -- Mouse-4 has eaten 
[2022-06-19 21:43:49] [INFO] -- animal.Animal run -- Mouse-4 has eaten 
[2022-06-19 21:43:49] [INFO] -- animal.Animal run -- Mouse-4 has eaten 
[2022-06-19 21:43:50] [INFO] -- animal.Animal run -- Mouse-4 has eaten 
[2022-06-19 21:43:50] [INFO] -- animal.Animal run -- Mouse-4 has eaten 
[2022-06-19 21:43:50] [INFO] -- animal.Animal run -- Mouse-4 has eaten 
[2022-06-19 21:43:50] [INFO] -- animal.Animal run -- Mouse-4 has eaten 
[2022-06-19 21:43:50] [INFO] -- animal.Animal run -- Mouse-4 has eaten 
[2022-06-19 21:43:51] [INFO] -- animal.Animal run -- Mouse-4 has eaten 
[2022-06-19 21:43:51] [INFO] -- animal.Animal run -- Mouse-4 has been DRIVEN while sleeping 
[2022-06-19 21:43:51] [SEVERE] -- animal.Animal run -- Method run() interrupted, Tread: ThreadPool-1 
